28-Dec-2019 02:34:34.903 INFO [ContainerBackgroundProcessor[StandardEngine[Catalina]]] org.apache.catalina.users.MemoryUserDatabase.backgroundProcess Reloading memory user database [UserDatabase] from updated source [file:/Users/hvavilala/Documents/webapp/apache-tomcat-8.5.50/conf/tomcat-users.xml]
28-Dec-2019 02:34:34.949 SEVERE [ContainerBackgroundProcessor[StandardEngine[Catalina]]] org.apache.tomcat.util.digester.Digester.fatalError Parse Fatal Error at line 39 column 48: The entity name must immediately follow the '&' in the entity reference.
	org.xml.sax.SAXParseException; lineNumber: 39; columnNumber: 48; The entity name must immediately follow the '&' in the entity reference.
		at java.xml/com.sun.org.apache.xerces.internal.util.ErrorHandlerWrapper.createSAXParseException(ErrorHandlerWrapper.java:204)
		at java.xml/com.sun.org.apache.xerces.internal.util.ErrorHandlerWrapper.fatalError(ErrorHandlerWrapper.java:178)
		at java.xml/com.sun.org.apache.xerces.internal.impl.XMLErrorReporter.reportError(XMLErrorReporter.java:400)
		at java.xml/com.sun.org.apache.xerces.internal.impl.XMLErrorReporter.reportError(XMLErrorReporter.java:327)
		at java.xml/com.sun.org.apache.xerces.internal.impl.XMLScanner.reportFatalError(XMLScanner.java:1471)
		at java.xml/com.sun.org.apache.xerces.internal.impl.XMLScanner.scanAttributeValue(XMLScanner.java:907)
		at java.xml/com.sun.org.apache.xerces.internal.impl.XMLDocumentFragmentScannerImpl.scanAttribute(XMLDocumentFragmentScannerImpl.java:1521)
		at java.xml/com.sun.org.apache.xerces.internal.impl.XMLDocumentFragmentScannerImpl.scanStartElement(XMLDocumentFragmentScannerImpl.java:1362)
		at java.xml/com.sun.org.apache.xerces.internal.impl.XMLDocumentFragmentScannerImpl$FragmentContentDriver.next(XMLDocumentFragmentScannerImpl.java:2725)
		at java.xml/com.sun.org.apache.xerces.internal.impl.XMLDocumentScannerImpl.next(XMLDocumentScannerImpl.java:605)
		at java.xml/com.sun.org.apache.xerces.internal.impl.XMLDocumentFragmentScannerImpl.scanDocument(XMLDocumentFragmentScannerImpl.java:541)
		at java.xml/com.sun.org.apache.xerces.internal.parsers.XML11Configuration.parse(XML11Configuration.java:888)
		at java.xml/com.sun.org.apache.xerces.internal.parsers.XML11Configuration.parse(XML11Configuration.java:824)
		at java.xml/com.sun.org.apache.xerces.internal.parsers.XMLParser.parse(XMLParser.java:141)
		at java.xml/com.sun.org.apache.xerces.internal.parsers.AbstractSAXParser.parse(AbstractSAXParser.java:1216)
		at java.xml/com.sun.org.apache.xerces.internal.jaxp.SAXParserImpl$JAXPSAXParser.parse(SAXParserImpl.java:635)
		at org.apache.tomcat.util.digester.Digester.parse(Digester.java:1510)
		at org.apache.catalina.users.MemoryUserDatabase.open(MemoryUserDatabase.java:452)
		at org.apache.catalina.users.MemoryUserDatabase.backgroundProcess(MemoryUserDatabase.java:688)
		at org.apache.catalina.realm.UserDatabaseRealm.backgroundProcess(UserDatabaseRealm.java:160)
		at org.apache.catalina.realm.CombinedRealm.backgroundProcess(CombinedRealm.java:308)
		at org.apache.catalina.core.ContainerBase.backgroundProcess(ContainerBase.java:1145)
		at org.apache.catalina.core.ContainerBase$ContainerBackgroundProcessor.processChildren(ContainerBase.java:1381)
		at org.apache.catalina.core.ContainerBase$ContainerBackgroundProcessor.run(ContainerBase.java:1353)
		at java.base/java.lang.Thread.run(Thread.java:830)
28-Dec-2019 02:34:34.956 SEVERE [ContainerBackgroundProcessor[StandardEngine[Catalina]]] org.apache.catalina.users.MemoryUserDatabase.backgroundProcess Error reloading memory user database [UserDatabase] from updated source [file:/Users/hvavilala/Documents/webapp/apache-tomcat-8.5.50/conf/tomcat-users.xml]
	org.xml.sax.SAXParseException; lineNumber: 39; columnNumber: 48; The entity name must immediately follow the '&' in the entity reference.
		at java.xml/com.sun.org.apache.xerces.internal.parsers.AbstractSAXParser.parse(AbstractSAXParser.java:1243)
		at java.xml/com.sun.org.apache.xerces.internal.jaxp.SAXParserImpl$JAXPSAXParser.parse(SAXParserImpl.java:635)
		at org.apache.tomcat.util.digester.Digester.parse(Digester.java:1510)
		at org.apache.catalina.users.MemoryUserDatabase.open(MemoryUserDatabase.java:452)
		at org.apache.catalina.users.MemoryUserDatabase.backgroundProcess(MemoryUserDatabase.java:688)
		at org.apache.catalina.realm.UserDatabaseRealm.backgroundProcess(UserDatabaseRealm.java:160)
		at org.apache.catalina.realm.CombinedRealm.backgroundProcess(CombinedRealm.java:308)
		at org.apache.catalina.core.ContainerBase.backgroundProcess(ContainerBase.java:1145)
		at org.apache.catalina.core.ContainerBase$ContainerBackgroundProcessor.processChildren(ContainerBase.java:1381)
		at org.apache.catalina.core.ContainerBase$ContainerBackgroundProcessor.run(ContainerBase.java:1353)
		at java.base/java.lang.Thread.run(Thread.java:830)
28-Dec-2019 02:34:58.227 INFO [main] org.apache.catalina.core.StandardServer.await A valid shutdown command was received via the shutdown port. Stopping the Server instance.
28-Dec-2019 02:34:58.229 INFO [main] org.apache.coyote.AbstractProtocol.pause Pausing ProtocolHandler ["http-nio-8090"]
28-Dec-2019 02:34:58.245 INFO [main] org.apache.coyote.AbstractProtocol.pause Pausing ProtocolHandler ["ajp-nio-8009"]
28-Dec-2019 02:34:58.252 INFO [main] org.apache.catalina.core.StandardService.stopInternal Stopping service [Catalina]
28-Dec-2019 02:34:58.294 INFO [main] org.apache.coyote.AbstractProtocol.stop Stopping ProtocolHandler ["http-nio-8090"]
28-Dec-2019 02:34:58.296 INFO [main] org.apache.coyote.AbstractProtocol.stop Stopping ProtocolHandler ["ajp-nio-8009"]
28-Dec-2019 02:34:58.299 INFO [main] org.apache.coyote.AbstractProtocol.destroy Destroying ProtocolHandler ["http-nio-8090"]
28-Dec-2019 02:34:58.300 INFO [main] org.apache.coyote.AbstractProtocol.destroy Destroying ProtocolHandler ["ajp-nio-8009"]
28-Dec-2019 02:35:12.266 INFO [main] org.apache.catalina.startup.VersionLoggerListener.log Server version name:   Apache Tomcat/8.5.50
28-Dec-2019 02:35:12.269 INFO [main] org.apache.catalina.startup.VersionLoggerListener.log Server built:          Dec 7 2019 19:19:46 UTC
28-Dec-2019 02:35:12.269 INFO [main] org.apache.catalina.startup.VersionLoggerListener.log Server version number: 8.5.50.0
28-Dec-2019 02:35:12.269 INFO [main] org.apache.catalina.startup.VersionLoggerListener.log OS Name:               Mac OS X
28-Dec-2019 02:35:12.269 INFO [main] org.apache.catalina.startup.VersionLoggerListener.log OS Version:            10.15.2
28-Dec-2019 02:35:12.270 INFO [main] org.apache.catalina.startup.VersionLoggerListener.log Architecture:          x86_64
28-Dec-2019 02:35:12.270 INFO [main] org.apache.catalina.startup.VersionLoggerListener.log Java Home:             /Library/Java/JavaVirtualMachines/jdk-13.0.1.jdk/Contents/Home
28-Dec-2019 02:35:12.270 INFO [main] org.apache.catalina.startup.VersionLoggerListener.log JVM Version:           13.0.1+9
28-Dec-2019 02:35:12.270 INFO [main] org.apache.catalina.startup.VersionLoggerListener.log JVM Vendor:            Oracle Corporation
28-Dec-2019 02:35:12.270 INFO [main] org.apache.catalina.startup.VersionLoggerListener.log CATALINA_BASE:         /Users/hvavilala/Documents/webapp/apache-tomcat-8.5.50
28-Dec-2019 02:35:12.270 INFO [main] org.apache.catalina.startup.VersionLoggerListener.log CATALINA_HOME:         /Users/hvavilala/Documents/webapp/apache-tomcat-8.5.50
28-Dec-2019 02:35:12.272 INFO [main] org.apache.catalina.startup.VersionLoggerListener.log Command line argument: --add-opens=java.base/java.lang=ALL-UNNAMED
28-Dec-2019 02:35:12.273 INFO [main] org.apache.catalina.startup.VersionLoggerListener.log Command line argument: --add-opens=java.base/java.io=ALL-UNNAMED
28-Dec-2019 02:35:12.273 INFO [main] org.apache.catalina.startup.VersionLoggerListener.log Command line argument: --add-opens=java.rmi/sun.rmi.transport=ALL-UNNAMED
28-Dec-2019 02:35:12.273 INFO [main] org.apache.catalina.startup.VersionLoggerListener.log Command line argument: -Djava.util.logging.config.file=/Users/hvavilala/documents/webapp/apache-tomcat-8.5.50/conf/logging.properties
28-Dec-2019 02:35:12.273 INFO [main] org.apache.catalina.startup.VersionLoggerListener.log Command line argument: -Djava.util.logging.manager=org.apache.juli.ClassLoaderLogManager
28-Dec-2019 02:35:12.273 INFO [main] org.apache.catalina.startup.VersionLoggerListener.log Command line argument: -Djdk.tls.ephemeralDHKeySize=2048
28-Dec-2019 02:35:12.273 INFO [main] org.apache.catalina.startup.VersionLoggerListener.log Command line argument: -Djava.protocol.handler.pkgs=org.apache.catalina.webresources
28-Dec-2019 02:35:12.273 INFO [main] org.apache.catalina.startup.VersionLoggerListener.log Command line argument: -Dorg.apache.catalina.security.SecurityListener.UMASK=0027
28-Dec-2019 02:35:12.274 INFO [main] org.apache.catalina.startup.VersionLoggerListener.log Command line argument: -Dignore.endorsed.dirs=
28-Dec-2019 02:35:12.274 INFO [main] org.apache.catalina.startup.VersionLoggerListener.log Command line argument: -Dcatalina.base=/Users/hvavilala/documents/webapp/apache-tomcat-8.5.50
28-Dec-2019 02:35:12.274 INFO [main] org.apache.catalina.startup.VersionLoggerListener.log Command line argument: -Dcatalina.home=/Users/hvavilala/documents/webapp/apache-tomcat-8.5.50
28-Dec-2019 02:35:12.274 INFO [main] org.apache.catalina.startup.VersionLoggerListener.log Command line argument: -Djava.io.tmpdir=/Users/hvavilala/documents/webapp/apache-tomcat-8.5.50/temp
28-Dec-2019 02:35:12.274 INFO [main] org.apache.catalina.core.AprLifecycleListener.lifecycleEvent The APR based Apache Tomcat Native library which allows optimal performance in production environments was not found on the java.library.path: [/Users/hvavilala/Library/Java/Extensions:/Library/Java/Extensions:/Network/Library/Java/Extensions:/System/Library/Java/Extensions:/usr/lib/java:.]
28-Dec-2019 02:35:12.306 INFO [main] org.apache.coyote.AbstractProtocol.init Initializing ProtocolHandler ["http-nio-8090"]
28-Dec-2019 02:35:12.323 INFO [main] org.apache.tomcat.util.net.NioSelectorPool.getSharedSelector Using a shared selector for servlet write/read
28-Dec-2019 02:35:12.332 INFO [main] org.apache.coyote.AbstractProtocol.init Initializing ProtocolHandler ["ajp-nio-8009"]
28-Dec-2019 02:35:12.334 INFO [main] org.apache.tomcat.util.net.NioSelectorPool.getSharedSelector Using a shared selector for servlet write/read
28-Dec-2019 02:35:12.334 INFO [main] org.apache.catalina.startup.Catalina.load Initialization processed in 422 ms
28-Dec-2019 02:35:12.376 SEVERE [main] org.apache.tomcat.util.digester.Digester.fatalError Parse Fatal Error at line 39 column 48: The entity name must immediately follow the '&' in the entity reference.
	org.xml.sax.SAXParseException; lineNumber: 39; columnNumber: 48; The entity name must immediately follow the '&' in the entity reference.
		at java.xml/com.sun.org.apache.xerces.internal.util.ErrorHandlerWrapper.createSAXParseException(ErrorHandlerWrapper.java:204)
		at java.xml/com.sun.org.apache.xerces.internal.util.ErrorHandlerWrapper.fatalError(ErrorHandlerWrapper.java:178)
		at java.xml/com.sun.org.apache.xerces.internal.impl.XMLErrorReporter.reportError(XMLErrorReporter.java:400)
		at java.xml/com.sun.org.apache.xerces.internal.impl.XMLErrorReporter.reportError(XMLErrorReporter.java:327)
		at java.xml/com.sun.org.apache.xerces.internal.impl.XMLScanner.reportFatalError(XMLScanner.java:1471)
		at java.xml/com.sun.org.apache.xerces.internal.impl.XMLScanner.scanAttributeValue(XMLScanner.java:907)
		at java.xml/com.sun.org.apache.xerces.internal.impl.XMLDocumentFragmentScannerImpl.scanAttribute(XMLDocumentFragmentScannerImpl.java:1521)
		at java.xml/com.sun.org.apache.xerces.internal.impl.XMLDocumentFragmentScannerImpl.scanStartElement(XMLDocumentFragmentScannerImpl.java:1362)
		at java.xml/com.sun.org.apache.xerces.internal.impl.XMLDocumentFragmentScannerImpl$FragmentContentDriver.next(XMLDocumentFragmentScannerImpl.java:2725)
		at java.xml/com.sun.org.apache.xerces.internal.impl.XMLDocumentScannerImpl.next(XMLDocumentScannerImpl.java:605)
		at java.xml/com.sun.org.apache.xerces.internal.impl.XMLDocumentFragmentScannerImpl.scanDocument(XMLDocumentFragmentScannerImpl.java:541)
		at java.xml/com.sun.org.apache.xerces.internal.parsers.XML11Configuration.parse(XML11Configuration.java:888)
		at java.xml/com.sun.org.apache.xerces.internal.parsers.XML11Configuration.parse(XML11Configuration.java:824)
		at java.xml/com.sun.org.apache.xerces.internal.parsers.XMLParser.parse(XMLParser.java:141)
		at java.xml/com.sun.org.apache.xerces.internal.parsers.AbstractSAXParser.parse(AbstractSAXParser.java:1216)
		at java.xml/com.sun.org.apache.xerces.internal.jaxp.SAXParserImpl$JAXPSAXParser.parse(SAXParserImpl.java:635)
		at org.apache.tomcat.util.digester.Digester.parse(Digester.java:1510)
		at org.apache.catalina.users.MemoryUserDatabase.open(MemoryUserDatabase.java:452)
		at org.apache.catalina.users.MemoryUserDatabaseFactory.getObjectInstance(MemoryUserDatabaseFactory.java:107)
		at org.apache.naming.factory.FactoryBase.getObjectInstance(FactoryBase.java:96)
		at java.naming/javax.naming.spi.NamingManager.getObjectInstance(NamingManager.java:325)
		at org.apache.naming.NamingContext.lookup(NamingContext.java:839)
		at org.apache.naming.NamingContext.lookup(NamingContext.java:159)
		at org.apache.naming.NamingContextBindingsEnumeration.nextElementInternal(NamingContextBindingsEnumeration.java:117)
		at org.apache.naming.NamingContextBindingsEnumeration.next(NamingContextBindingsEnumeration.java:71)
		at org.apache.naming.NamingContextBindingsEnumeration.next(NamingContextBindingsEnumeration.java:34)
		at org.apache.catalina.mbeans.GlobalResourcesLifecycleListener.createMBeans(GlobalResourcesLifecycleListener.java:132)
		at org.apache.catalina.mbeans.GlobalResourcesLifecycleListener.createMBeans(GlobalResourcesLifecycleListener.java:106)
		at org.apache.catalina.mbeans.GlobalResourcesLifecycleListener.lifecycleEvent(GlobalResourcesLifecycleListener.java:81)
		at org.apache.catalina.util.LifecycleBase.fireLifecycleEvent(LifecycleBase.java:123)
		at org.apache.catalina.util.LifecycleBase.setStateInternal(LifecycleBase.java:423)
		at org.apache.catalina.util.LifecycleBase.setState(LifecycleBase.java:366)
		at org.apache.catalina.core.StandardServer.startInternal(StandardServer.java:759)
		at org.apache.catalina.util.LifecycleBase.start(LifecycleBase.java:183)
		at org.apache.catalina.startup.Catalina.start(Catalina.java:688)
		at java.base/jdk.internal.reflect.NativeMethodAccessorImpl.invoke0(Native Method)
		at java.base/jdk.internal.reflect.NativeMethodAccessorImpl.invoke(NativeMethodAccessorImpl.java:62)
		at java.base/jdk.internal.reflect.DelegatingMethodAccessorImpl.invoke(DelegatingMethodAccessorImpl.java:43)
		at java.base/java.lang.reflect.Method.invoke(Method.java:567)
		at org.apache.catalina.startup.Bootstrap.start(Bootstrap.java:343)
		at org.apache.catalina.startup.Bootstrap.main(Bootstrap.java:474)
28-Dec-2019 02:35:12.377 WARNING [main] org.apache.naming.NamingContext.lookup Unexpected exception resolving reference
	org.xml.sax.SAXParseException; lineNumber: 39; columnNumber: 48; The entity name must immediately follow the '&' in the entity reference.
		at java.xml/com.sun.org.apache.xerces.internal.parsers.AbstractSAXParser.parse(AbstractSAXParser.java:1243)
		at java.xml/com.sun.org.apache.xerces.internal.jaxp.SAXParserImpl$JAXPSAXParser.parse(SAXParserImpl.java:635)
		at org.apache.tomcat.util.digester.Digester.parse(Digester.java:1510)
		at org.apache.catalina.users.MemoryUserDatabase.open(MemoryUserDatabase.java:452)
		at org.apache.catalina.users.MemoryUserDatabaseFactory.getObjectInstance(MemoryUserDatabaseFactory.java:107)
		at org.apache.naming.factory.FactoryBase.getObjectInstance(FactoryBase.java:96)
		at java.naming/javax.naming.spi.NamingManager.getObjectInstance(NamingManager.java:325)
		at org.apache.naming.NamingContext.lookup(NamingContext.java:839)
		at org.apache.naming.NamingContext.lookup(NamingContext.java:159)
		at org.apache.naming.NamingContextBindingsEnumeration.nextElementInternal(NamingContextBindingsEnumeration.java:117)
		at org.apache.naming.NamingContextBindingsEnumeration.next(NamingContextBindingsEnumeration.java:71)
		at org.apache.naming.NamingContextBindingsEnumeration.next(NamingContextBindingsEnumeration.java:34)
		at org.apache.catalina.mbeans.GlobalResourcesLifecycleListener.createMBeans(GlobalResourcesLifecycleListener.java:132)
		at org.apache.catalina.mbeans.GlobalResourcesLifecycleListener.createMBeans(GlobalResourcesLifecycleListener.java:106)
		at org.apache.catalina.mbeans.GlobalResourcesLifecycleListener.lifecycleEvent(GlobalResourcesLifecycleListener.java:81)
		at org.apache.catalina.util.LifecycleBase.fireLifecycleEvent(LifecycleBase.java:123)
		at org.apache.catalina.util.LifecycleBase.setStateInternal(LifecycleBase.java:423)
		at org.apache.catalina.util.LifecycleBase.setState(LifecycleBase.java:366)
		at org.apache.catalina.core.StandardServer.startInternal(StandardServer.java:759)
		at org.apache.catalina.util.LifecycleBase.start(LifecycleBase.java:183)
		at org.apache.catalina.startup.Catalina.start(Catalina.java:688)
		at java.base/jdk.internal.reflect.NativeMethodAccessorImpl.invoke0(Native Method)
		at java.base/jdk.internal.reflect.NativeMethodAccessorImpl.invoke(NativeMethodAccessorImpl.java:62)
		at java.base/jdk.internal.reflect.DelegatingMethodAccessorImpl.invoke(DelegatingMethodAccessorImpl.java:43)
		at java.base/java.lang.reflect.Method.invoke(Method.java:567)
		at org.apache.catalina.startup.Bootstrap.start(Bootstrap.java:343)
		at org.apache.catalina.startup.Bootstrap.main(Bootstrap.java:474)
28-Dec-2019 02:35:12.378 SEVERE [main] org.apache.catalina.mbeans.GlobalResourcesLifecycleListener.createMBeans Exception processing Global JNDI Resources
	javax.naming.NamingException: Unexpected exception resolving reference [Root exception is org.xml.sax.SAXParseException; lineNumber: 39; columnNumber: 48; The entity name must immediately follow the '&' in the entity reference.]
		at org.apache.naming.NamingContext.lookup(NamingContext.java:856)
		at org.apache.naming.NamingContext.lookup(NamingContext.java:159)
		at org.apache.naming.NamingContextBindingsEnumeration.nextElementInternal(NamingContextBindingsEnumeration.java:117)
		at org.apache.naming.NamingContextBindingsEnumeration.next(NamingContextBindingsEnumeration.java:71)
		at org.apache.naming.NamingContextBindingsEnumeration.next(NamingContextBindingsEnumeration.java:34)
		at org.apache.catalina.mbeans.GlobalResourcesLifecycleListener.createMBeans(GlobalResourcesLifecycleListener.java:132)
		at org.apache.catalina.mbeans.GlobalResourcesLifecycleListener.createMBeans(GlobalResourcesLifecycleListener.java:106)
		at org.apache.catalina.mbeans.GlobalResourcesLifecycleListener.lifecycleEvent(GlobalResourcesLifecycleListener.java:81)
		at org.apache.catalina.util.LifecycleBase.fireLifecycleEvent(LifecycleBase.java:123)
		at org.apache.catalina.util.LifecycleBase.setStateInternal(LifecycleBase.java:423)
		at org.apache.catalina.util.LifecycleBase.setState(LifecycleBase.java:366)
		at org.apache.catalina.core.StandardServer.startInternal(StandardServer.java:759)
		at org.apache.catalina.util.LifecycleBase.start(LifecycleBase.java:183)
		at org.apache.catalina.startup.Catalina.start(Catalina.java:688)
		at java.base/jdk.internal.reflect.NativeMethodAccessorImpl.invoke0(Native Method)
		at java.base/jdk.internal.reflect.NativeMethodAccessorImpl.invoke(NativeMethodAccessorImpl.java:62)
		at java.base/jdk.internal.reflect.DelegatingMethodAccessorImpl.invoke(DelegatingMethodAccessorImpl.java:43)
		at java.base/java.lang.reflect.Method.invoke(Method.java:567)
		at org.apache.catalina.startup.Bootstrap.start(Bootstrap.java:343)
		at org.apache.catalina.startup.Bootstrap.main(Bootstrap.java:474)
	Caused by: org.xml.sax.SAXParseException; lineNumber: 39; columnNumber: 48; The entity name must immediately follow the '&' in the entity reference.
		at java.xml/com.sun.org.apache.xerces.internal.parsers.AbstractSAXParser.parse(AbstractSAXParser.java:1243)
		at java.xml/com.sun.org.apache.xerces.internal.jaxp.SAXParserImpl$JAXPSAXParser.parse(SAXParserImpl.java:635)
		at org.apache.tomcat.util.digester.Digester.parse(Digester.java:1510)
		at org.apache.catalina.users.MemoryUserDatabase.open(MemoryUserDatabase.java:452)
		at org.apache.catalina.users.MemoryUserDatabaseFactory.getObjectInstance(MemoryUserDatabaseFactory.java:107)
		at org.apache.naming.factory.FactoryBase.getObjectInstance(FactoryBase.java:96)
		at java.naming/javax.naming.spi.NamingManager.getObjectInstance(NamingManager.java:325)
		at org.apache.naming.NamingContext.lookup(NamingContext.java:839)
		... 19 more
28-Dec-2019 02:35:12.379 INFO [main] org.apache.catalina.core.StandardService.startInternal Starting service [Catalina]
28-Dec-2019 02:35:12.379 INFO [main] org.apache.catalina.core.StandardEngine.startInternal Starting Servlet Engine: Apache Tomcat/8.5.50
28-Dec-2019 02:35:12.381 SEVERE [main] org.apache.tomcat.util.digester.Digester.fatalError Parse Fatal Error at line 39 column 48: The entity name must immediately follow the '&' in the entity reference.
	org.xml.sax.SAXParseException; lineNumber: 39; columnNumber: 48; The entity name must immediately follow the '&' in the entity reference.
		at java.xml/com.sun.org.apache.xerces.internal.util.ErrorHandlerWrapper.createSAXParseException(ErrorHandlerWrapper.java:204)
		at java.xml/com.sun.org.apache.xerces.internal.util.ErrorHandlerWrapper.fatalError(ErrorHandlerWrapper.java:178)
		at java.xml/com.sun.org.apache.xerces.internal.impl.XMLErrorReporter.reportError(XMLErrorReporter.java:400)
		at java.xml/com.sun.org.apache.xerces.internal.impl.XMLErrorReporter.reportError(XMLErrorReporter.java:327)
		at java.xml/com.sun.org.apache.xerces.internal.impl.XMLScanner.reportFatalError(XMLScanner.java:1471)
		at java.xml/com.sun.org.apache.xerces.internal.impl.XMLScanner.scanAttributeValue(XMLScanner.java:907)
		at java.xml/com.sun.org.apache.xerces.internal.impl.XMLDocumentFragmentScannerImpl.scanAttribute(XMLDocumentFragmentScannerImpl.java:1521)
		at java.xml/com.sun.org.apache.xerces.internal.impl.XMLDocumentFragmentScannerImpl.scanStartElement(XMLDocumentFragmentScannerImpl.java:1362)
		at java.xml/com.sun.org.apache.xerces.internal.impl.XMLDocumentFragmentScannerImpl$FragmentContentDriver.next(XMLDocumentFragmentScannerImpl.java:2725)
		at java.xml/com.sun.org.apache.xerces.internal.impl.XMLDocumentScannerImpl.next(XMLDocumentScannerImpl.java:605)
		at java.xml/com.sun.org.apache.xerces.internal.impl.XMLDocumentFragmentScannerImpl.scanDocument(XMLDocumentFragmentScannerImpl.java:541)
		at java.xml/com.sun.org.apache.xerces.internal.parsers.XML11Configuration.parse(XML11Configuration.java:888)
		at java.xml/com.sun.org.apache.xerces.internal.parsers.XML11Configuration.parse(XML11Configuration.java:824)
		at java.xml/com.sun.org.apache.xerces.internal.parsers.XMLParser.parse(XMLParser.java:141)
		at java.xml/com.sun.org.apache.xerces.internal.parsers.AbstractSAXParser.parse(AbstractSAXParser.java:1216)
		at java.xml/com.sun.org.apache.xerces.internal.jaxp.SAXParserImpl$JAXPSAXParser.parse(SAXParserImpl.java:635)
		at org.apache.tomcat.util.digester.Digester.parse(Digester.java:1510)
		at org.apache.catalina.users.MemoryUserDatabase.open(MemoryUserDatabase.java:452)
		at org.apache.catalina.users.MemoryUserDatabaseFactory.getObjectInstance(MemoryUserDatabaseFactory.java:107)
		at org.apache.naming.factory.FactoryBase.getObjectInstance(FactoryBase.java:96)
		at java.naming/javax.naming.spi.NamingManager.getObjectInstance(NamingManager.java:325)
		at org.apache.naming.NamingContext.lookup(NamingContext.java:839)
		at org.apache.naming.NamingContext.lookup(NamingContext.java:173)
		at org.apache.catalina.realm.UserDatabaseRealm.startInternal(UserDatabaseRealm.java:225)
		at org.apache.catalina.util.LifecycleBase.start(LifecycleBase.java:183)
		at org.apache.catalina.realm.CombinedRealm.startInternal(CombinedRealm.java:254)
		at org.apache.catalina.realm.LockOutRealm.startInternal(LockOutRealm.java:121)
		at org.apache.catalina.util.LifecycleBase.start(LifecycleBase.java:183)
		at org.apache.catalina.core.ContainerBase.startInternal(ContainerBase.java:917)
		at org.apache.catalina.core.StandardEngine.startInternal(StandardEngine.java:258)
		at org.apache.catalina.util.LifecycleBase.start(LifecycleBase.java:183)
		at org.apache.catalina.core.StandardService.startInternal(StandardService.java:422)
		at org.apache.catalina.util.LifecycleBase.start(LifecycleBase.java:183)
		at org.apache.catalina.core.StandardServer.startInternal(StandardServer.java:766)
		at org.apache.catalina.util.LifecycleBase.start(LifecycleBase.java:183)
		at org.apache.catalina.startup.Catalina.start(Catalina.java:688)
		at java.base/jdk.internal.reflect.NativeMethodAccessorImpl.invoke0(Native Method)
		at java.base/jdk.internal.reflect.NativeMethodAccessorImpl.invoke(NativeMethodAccessorImpl.java:62)
		at java.base/jdk.internal.reflect.DelegatingMethodAccessorImpl.invoke(DelegatingMethodAccessorImpl.java:43)
		at java.base/java.lang.reflect.Method.invoke(Method.java:567)
		at org.apache.catalina.startup.Bootstrap.start(Bootstrap.java:343)
		at org.apache.catalina.startup.Bootstrap.main(Bootstrap.java:474)
28-Dec-2019 02:35:12.382 WARNING [main] org.apache.naming.NamingContext.lookup Unexpected exception resolving reference
	org.xml.sax.SAXParseException; lineNumber: 39; columnNumber: 48; The entity name must immediately follow the '&' in the entity reference.
		at java.xml/com.sun.org.apache.xerces.internal.parsers.AbstractSAXParser.parse(AbstractSAXParser.java:1243)
		at java.xml/com.sun.org.apache.xerces.internal.jaxp.SAXParserImpl$JAXPSAXParser.parse(SAXParserImpl.java:635)
		at org.apache.tomcat.util.digester.Digester.parse(Digester.java:1510)
		at org.apache.catalina.users.MemoryUserDatabase.open(MemoryUserDatabase.java:452)
		at org.apache.catalina.users.MemoryUserDatabaseFactory.getObjectInstance(MemoryUserDatabaseFactory.java:107)
		at org.apache.naming.factory.FactoryBase.getObjectInstance(FactoryBase.java:96)
		at java.naming/javax.naming.spi.NamingManager.getObjectInstance(NamingManager.java:325)
		at org.apache.naming.NamingContext.lookup(NamingContext.java:839)
		at org.apache.naming.NamingContext.lookup(NamingContext.java:173)
		at org.apache.catalina.realm.UserDatabaseRealm.startInternal(UserDatabaseRealm.java:225)
		at org.apache.catalina.util.LifecycleBase.start(LifecycleBase.java:183)
		at org.apache.catalina.realm.CombinedRealm.startInternal(CombinedRealm.java:254)
		at org.apache.catalina.realm.LockOutRealm.startInternal(LockOutRealm.java:121)
		at org.apache.catalina.util.LifecycleBase.start(LifecycleBase.java:183)
		at org.apache.catalina.core.ContainerBase.startInternal(ContainerBase.java:917)
		at org.apache.catalina.core.StandardEngine.startInternal(StandardEngine.java:258)
		at org.apache.catalina.util.LifecycleBase.start(LifecycleBase.java:183)
		at org.apache.catalina.core.StandardService.startInternal(StandardService.java:422)
		at org.apache.catalina.util.LifecycleBase.start(LifecycleBase.java:183)
		at org.apache.catalina.core.StandardServer.startInternal(StandardServer.java:766)
		at org.apache.catalina.util.LifecycleBase.start(LifecycleBase.java:183)
		at org.apache.catalina.startup.Catalina.start(Catalina.java:688)
		at java.base/jdk.internal.reflect.NativeMethodAccessorImpl.invoke0(Native Method)
		at java.base/jdk.internal.reflect.NativeMethodAccessorImpl.invoke(NativeMethodAccessorImpl.java:62)
		at java.base/jdk.internal.reflect.DelegatingMethodAccessorImpl.invoke(DelegatingMethodAccessorImpl.java:43)
		at java.base/java.lang.reflect.Method.invoke(Method.java:567)
		at org.apache.catalina.startup.Bootstrap.start(Bootstrap.java:343)
		at org.apache.catalina.startup.Bootstrap.main(Bootstrap.java:474)
28-Dec-2019 02:35:12.382 SEVERE [main] org.apache.catalina.realm.UserDatabaseRealm.startInternal Exception looking up UserDatabase under key [UserDatabase]
	javax.naming.NamingException: Unexpected exception resolving reference [Root exception is org.xml.sax.SAXParseException; lineNumber: 39; columnNumber: 48; The entity name must immediately follow the '&' in the entity reference.]
		at org.apache.naming.NamingContext.lookup(NamingContext.java:856)
		at org.apache.naming.NamingContext.lookup(NamingContext.java:173)
		at org.apache.catalina.realm.UserDatabaseRealm.startInternal(UserDatabaseRealm.java:225)
		at org.apache.catalina.util.LifecycleBase.start(LifecycleBase.java:183)
		at org.apache.catalina.realm.CombinedRealm.startInternal(CombinedRealm.java:254)
		at org.apache.catalina.realm.LockOutRealm.startInternal(LockOutRealm.java:121)
		at org.apache.catalina.util.LifecycleBase.start(LifecycleBase.java:183)
		at org.apache.catalina.core.ContainerBase.startInternal(ContainerBase.java:917)
		at org.apache.catalina.core.StandardEngine.startInternal(StandardEngine.java:258)
		at org.apache.catalina.util.LifecycleBase.start(LifecycleBase.java:183)
		at org.apache.catalina.core.StandardService.startInternal(StandardService.java:422)
		at org.apache.catalina.util.LifecycleBase.start(LifecycleBase.java:183)
		at org.apache.catalina.core.StandardServer.startInternal(StandardServer.java:766)
		at org.apache.catalina.util.LifecycleBase.start(LifecycleBase.java:183)
		at org.apache.catalina.startup.Catalina.start(Catalina.java:688)
		at java.base/jdk.internal.reflect.NativeMethodAccessorImpl.invoke0(Native Method)
		at java.base/jdk.internal.reflect.NativeMethodAccessorImpl.invoke(NativeMethodAccessorImpl.java:62)
		at java.base/jdk.internal.reflect.DelegatingMethodAccessorImpl.invoke(DelegatingMethodAccessorImpl.java:43)
		at java.base/java.lang.reflect.Method.invoke(Method.java:567)
		at org.apache.catalina.startup.Bootstrap.start(Bootstrap.java:343)
		at org.apache.catalina.startup.Bootstrap.main(Bootstrap.java:474)
	Caused by: org.xml.sax.SAXParseException; lineNumber: 39; columnNumber: 48; The entity name must immediately follow the '&' in the entity reference.
		at java.xml/com.sun.org.apache.xerces.internal.parsers.AbstractSAXParser.parse(AbstractSAXParser.java:1243)
		at java.xml/com.sun.org.apache.xerces.internal.jaxp.SAXParserImpl$JAXPSAXParser.parse(SAXParserImpl.java:635)
		at org.apache.tomcat.util.digester.Digester.parse(Digester.java:1510)
		at org.apache.catalina.users.MemoryUserDatabase.open(MemoryUserDatabase.java:452)
		at org.apache.catalina.users.MemoryUserDatabaseFactory.getObjectInstance(MemoryUserDatabaseFactory.java:107)
		at org.apache.naming.factory.FactoryBase.getObjectInstance(FactoryBase.java:96)
		at java.naming/javax.naming.spi.NamingManager.getObjectInstance(NamingManager.java:325)
		at org.apache.naming.NamingContext.lookup(NamingContext.java:839)
		... 20 more
28-Dec-2019 02:35:12.383 SEVERE [main] org.apache.catalina.realm.CombinedRealm.startInternal Failed to start [org.apache.catalina.realm.UserDatabaseRealm] realm
	org.apache.catalina.LifecycleException: No UserDatabase component found under key [UserDatabase]
		at org.apache.catalina.realm.UserDatabaseRealm.startInternal(UserDatabaseRealm.java:232)
		at org.apache.catalina.util.LifecycleBase.start(LifecycleBase.java:183)
		at org.apache.catalina.realm.CombinedRealm.startInternal(CombinedRealm.java:254)
		at org.apache.catalina.realm.LockOutRealm.startInternal(LockOutRealm.java:121)
		at org.apache.catalina.util.LifecycleBase.start(LifecycleBase.java:183)
		at org.apache.catalina.core.ContainerBase.startInternal(ContainerBase.java:917)
		at org.apache.catalina.core.StandardEngine.startInternal(StandardEngine.java:258)
		at org.apache.catalina.util.LifecycleBase.start(LifecycleBase.java:183)
		at org.apache.catalina.core.StandardService.startInternal(StandardService.java:422)
		at org.apache.catalina.util.LifecycleBase.start(LifecycleBase.java:183)
		at org.apache.catalina.core.StandardServer.startInternal(StandardServer.java:766)
		at org.apache.catalina.util.LifecycleBase.start(LifecycleBase.java:183)
		at org.apache.catalina.startup.Catalina.start(Catalina.java:688)
		at java.base/jdk.internal.reflect.NativeMethodAccessorImpl.invoke0(Native Method)
		at java.base/jdk.internal.reflect.NativeMethodAccessorImpl.invoke(NativeMethodAccessorImpl.java:62)
		at java.base/jdk.internal.reflect.DelegatingMethodAccessorImpl.invoke(DelegatingMethodAccessorImpl.java:43)
		at java.base/java.lang.reflect.Method.invoke(Method.java:567)
		at org.apache.catalina.startup.Bootstrap.start(Bootstrap.java:343)
		at org.apache.catalina.startup.Bootstrap.main(Bootstrap.java:474)
28-Dec-2019 02:35:12.391 INFO [localhost-startStop-1] org.apache.catalina.startup.HostConfig.deployDirectory Deploying web application directory [/Users/hvavilala/Documents/webapp/apache-tomcat-8.5.50/webapps/docs]
28-Dec-2019 02:35:12.598 INFO [localhost-startStop-1] org.apache.catalina.startup.HostConfig.deployDirectory Deployment of web application directory [/Users/hvavilala/Documents/webapp/apache-tomcat-8.5.50/webapps/docs] has finished in [206] ms
28-Dec-2019 02:35:12.598 INFO [localhost-startStop-1] org.apache.catalina.startup.HostConfig.deployDirectory Deploying web application directory [/Users/hvavilala/Documents/webapp/apache-tomcat-8.5.50/webapps/manager]
28-Dec-2019 02:35:12.632 INFO [localhost-startStop-1] org.apache.catalina.startup.HostConfig.deployDirectory Deployment of web application directory [/Users/hvavilala/Documents/webapp/apache-tomcat-8.5.50/webapps/manager] has finished in [34] ms
28-Dec-2019 02:35:12.632 INFO [localhost-startStop-1] org.apache.catalina.startup.HostConfig.deployDirectory Deploying web application directory [/Users/hvavilala/Documents/webapp/apache-tomcat-8.5.50/webapps/examples]
28-Dec-2019 02:35:12.864 INFO [localhost-startStop-1] org.apache.catalina.startup.HostConfig.deployDirectory Deployment of web application directory [/Users/hvavilala/Documents/webapp/apache-tomcat-8.5.50/webapps/examples] has finished in [232] ms
28-Dec-2019 02:35:12.864 INFO [localhost-startStop-1] org.apache.catalina.startup.HostConfig.deployDirectory Deploying web application directory [/Users/hvavilala/Documents/webapp/apache-tomcat-8.5.50/webapps/ROOT]
28-Dec-2019 02:35:12.878 INFO [localhost-startStop-1] org.apache.catalina.startup.HostConfig.deployDirectory Deployment of web application directory [/Users/hvavilala/Documents/webapp/apache-tomcat-8.5.50/webapps/ROOT] has finished in [14] ms
28-Dec-2019 02:35:12.878 INFO [localhost-startStop-1] org.apache.catalina.startup.HostConfig.deployDirectory Deploying web application directory [/Users/hvavilala/Documents/webapp/apache-tomcat-8.5.50/webapps/host-manager]
28-Dec-2019 02:35:12.896 INFO [localhost-startStop-1] org.apache.catalina.startup.HostConfig.deployDirectory Deployment of web application directory [/Users/hvavilala/Documents/webapp/apache-tomcat-8.5.50/webapps/host-manager] has finished in [18] ms
28-Dec-2019 02:35:12.901 INFO [main] org.apache.coyote.AbstractProtocol.start Starting ProtocolHandler ["http-nio-8090"]
28-Dec-2019 02:35:12.908 INFO [main] org.apache.coyote.AbstractProtocol.start Starting ProtocolHandler ["ajp-nio-8009"]
28-Dec-2019 02:35:12.909 INFO [main] org.apache.catalina.startup.Catalina.start Server startup in 574 ms
28-Dec-2019 02:47:02.304 INFO [main] org.apache.catalina.core.StandardServer.await A valid shutdown command was received via the shutdown port. Stopping the Server instance.
28-Dec-2019 02:47:02.305 INFO [main] org.apache.coyote.AbstractProtocol.pause Pausing ProtocolHandler ["http-nio-8090"]
28-Dec-2019 02:47:02.308 INFO [main] org.apache.coyote.AbstractProtocol.pause Pausing ProtocolHandler ["ajp-nio-8009"]
28-Dec-2019 02:47:02.315 INFO [main] org.apache.catalina.core.StandardService.stopInternal Stopping service [Catalina]
28-Dec-2019 02:47:02.340 INFO [main] org.apache.coyote.AbstractProtocol.stop Stopping ProtocolHandler ["http-nio-8090"]
28-Dec-2019 02:47:02.342 INFO [main] org.apache.coyote.AbstractProtocol.stop Stopping ProtocolHandler ["ajp-nio-8009"]
28-Dec-2019 02:47:02.343 INFO [main] org.apache.coyote.AbstractProtocol.destroy Destroying ProtocolHandler ["http-nio-8090"]
28-Dec-2019 02:47:02.344 INFO [main] org.apache.coyote.AbstractProtocol.destroy Destroying ProtocolHandler ["ajp-nio-8009"]
