29-Dec-2019 11:11:36.962 INFO [http-nio-8090-exec-1] org.apache.catalina.core.ApplicationContext.log Manager: init: Associated with Deployer 'Catalina:type=Deployer,host=localhost'
29-Dec-2019 11:11:36.962 INFO [http-nio-8090-exec-1] org.apache.catalina.core.ApplicationContext.log Manager: init: Global resources are available
29-Dec-2019 11:11:36.966 INFO [http-nio-8090-exec-1] org.apache.catalina.core.ApplicationContext.log Manager: list: Listing contexts for virtual host 'localhost'
29-Dec-2019 11:11:36.976 INFO [http-nio-8090-exec-2] org.apache.catalina.core.ApplicationContext.log Manager: deploy: Deploying web application '/webapp'
29-Dec-2019 11:11:36.976 INFO [http-nio-8090-exec-2] org.apache.catalina.core.ApplicationContext.log Manager: Uploading WAR file to /Users/hvavilala/Documents/webapp/apache-tomcat-8.5.50/webapps/webapp.war
29-Dec-2019 11:11:55.156 INFO [http-nio-8090-exec-3] org.apache.catalina.core.ApplicationContext.log Manager: list: Listing contexts for virtual host 'localhost'
29-Dec-2019 11:11:55.158 INFO [http-nio-8090-exec-4] org.apache.catalina.core.ApplicationContext.log Manager: list: Listing contexts for virtual host 'localhost'
29-Dec-2019 11:11:55.159 INFO [http-nio-8090-exec-5] org.apache.catalina.core.ApplicationContext.log Manager: undeploy: Undeploying web application at '/webapp'
29-Dec-2019 11:11:55.680 INFO [http-nio-8090-exec-11] org.apache.catalina.core.ApplicationContext.log Manager: deploy: Deploying web application '/webapp'
29-Dec-2019 11:11:55.681 INFO [http-nio-8090-exec-11] org.apache.catalina.core.ApplicationContext.log Manager: Uploading WAR file to /Users/hvavilala/Documents/webapp/apache-tomcat-8.5.50/webapps/webapp.war
29-Dec-2019 11:12:57.817 INFO [http-nio-8090-exec-12] org.apache.catalina.core.ApplicationContext.log Manager: list: Listing contexts for virtual host 'localhost'
29-Dec-2019 11:12:57.818 INFO [http-nio-8090-exec-13] org.apache.catalina.core.ApplicationContext.log Manager: list: Listing contexts for virtual host 'localhost'
29-Dec-2019 11:12:57.820 INFO [http-nio-8090-exec-2] org.apache.catalina.core.ApplicationContext.log Manager: undeploy: Undeploying web application at '/webapp'
29-Dec-2019 11:12:58.329 INFO [http-nio-8090-exec-11] org.apache.catalina.core.ApplicationContext.log Manager: deploy: Deploying web application '/webapp'
29-Dec-2019 11:12:58.329 INFO [http-nio-8090-exec-11] org.apache.catalina.core.ApplicationContext.log Manager: Uploading WAR file to /Users/hvavilala/Documents/webapp/apache-tomcat-8.5.50/webapps/webapp.war
29-Dec-2019 12:35:27.581 INFO [http-nio-8090-exec-17] org.apache.catalina.core.ApplicationContext.log Manager: list: Listing contexts for virtual host 'localhost'
29-Dec-2019 12:35:27.583 INFO [http-nio-8090-exec-18] org.apache.catalina.core.ApplicationContext.log Manager: list: Listing contexts for virtual host 'localhost'
29-Dec-2019 12:35:27.584 INFO [http-nio-8090-exec-19] org.apache.catalina.core.ApplicationContext.log Manager: undeploy: Undeploying web application at '/webapp'
29-Dec-2019 12:35:28.095 INFO [http-nio-8090-exec-21] org.apache.catalina.core.ApplicationContext.log Manager: deploy: Deploying web application '/webapp'
29-Dec-2019 12:35:28.095 INFO [http-nio-8090-exec-21] org.apache.catalina.core.ApplicationContext.log Manager: Uploading WAR file to /Users/hvavilala/Documents/webapp/apache-tomcat-8.5.50/webapps/webapp.war
29-Dec-2019 13:05:03.484 INFO [http-nio-8090-exec-27] org.apache.catalina.core.ApplicationContext.log Manager: list: Listing contexts for virtual host 'localhost'
29-Dec-2019 13:05:03.485 INFO [http-nio-8090-exec-28] org.apache.catalina.core.ApplicationContext.log Manager: list: Listing contexts for virtual host 'localhost'
29-Dec-2019 13:05:03.486 INFO [http-nio-8090-exec-29] org.apache.catalina.core.ApplicationContext.log Manager: undeploy: Undeploying web application at '/webapp'
29-Dec-2019 13:05:03.998 INFO [http-nio-8090-exec-30] org.apache.catalina.core.ApplicationContext.log Manager: deploy: Deploying web application '/webapp'
29-Dec-2019 13:05:03.998 INFO [http-nio-8090-exec-30] org.apache.catalina.core.ApplicationContext.log Manager: Uploading WAR file to /Users/hvavilala/Documents/webapp/apache-tomcat-8.5.50/webapps/webapp.war
29-Dec-2019 13:09:31.720 INFO [http-nio-8090-exec-37] org.apache.catalina.core.ApplicationContext.log Manager: list: Listing contexts for virtual host 'localhost'
29-Dec-2019 13:09:31.721 INFO [http-nio-8090-exec-38] org.apache.catalina.core.ApplicationContext.log Manager: list: Listing contexts for virtual host 'localhost'
29-Dec-2019 13:09:31.723 INFO [http-nio-8090-exec-39] org.apache.catalina.core.ApplicationContext.log Manager: undeploy: Undeploying web application at '/webapp'
29-Dec-2019 13:09:32.243 INFO [http-nio-8090-exec-37] org.apache.catalina.core.ApplicationContext.log Manager: deploy: Deploying web application '/webapp'
29-Dec-2019 13:09:32.243 INFO [http-nio-8090-exec-37] org.apache.catalina.core.ApplicationContext.log Manager: Uploading WAR file to /Users/hvavilala/Documents/webapp/apache-tomcat-8.5.50/webapps/webapp.war
29-Dec-2019 13:58:11.748 INFO [http-nio-8090-exec-7] org.apache.catalina.core.ApplicationContext.log Manager: init: Associated with Deployer 'Catalina:type=Deployer,host=localhost'
29-Dec-2019 13:58:11.748 INFO [http-nio-8090-exec-7] org.apache.catalina.core.ApplicationContext.log Manager: init: Global resources are available
29-Dec-2019 13:58:11.749 INFO [http-nio-8090-exec-7] org.apache.catalina.core.ApplicationContext.log Manager: list: Listing contexts for virtual host 'localhost'
29-Dec-2019 13:58:11.752 INFO [http-nio-8090-exec-8] org.apache.catalina.core.ApplicationContext.log Manager: list: Listing contexts for virtual host 'localhost'
29-Dec-2019 13:58:11.754 INFO [http-nio-8090-exec-9] org.apache.catalina.core.ApplicationContext.log Manager: undeploy: Undeploying web application at '/webapp'
29-Dec-2019 13:58:12.274 INFO [http-nio-8090-exec-1] org.apache.catalina.core.ApplicationContext.log Manager: deploy: Deploying web application '/webapp'
29-Dec-2019 13:58:12.274 INFO [http-nio-8090-exec-1] org.apache.catalina.core.ApplicationContext.log Manager: Uploading WAR file to /Users/hvavilala/Documents/webapp/apache-tomcat-8.5.50-staging/webapps/webapp.war
29-Dec-2019 14:05:41.363 INFO [http-nio-8090-exec-2] org.apache.catalina.core.ApplicationContext.log Manager: init: Associated with Deployer 'Catalina:type=Deployer,host=localhost'
29-Dec-2019 14:05:41.363 INFO [http-nio-8090-exec-2] org.apache.catalina.core.ApplicationContext.log Manager: init: Global resources are available
29-Dec-2019 14:05:41.363 INFO [http-nio-8090-exec-2] org.apache.catalina.core.ApplicationContext.log Manager: list: Listing contexts for virtual host 'localhost'
29-Dec-2019 14:05:41.365 INFO [http-nio-8090-exec-2] org.apache.catalina.core.ApplicationContext.log Manager: list: Listing contexts for virtual host 'localhost'
29-Dec-2019 14:05:41.367 INFO [http-nio-8090-exec-3] org.apache.catalina.core.ApplicationContext.log Manager: undeploy: Undeploying web application at '/webapp'
29-Dec-2019 14:05:41.883 INFO [http-nio-8090-exec-8] org.apache.catalina.core.ApplicationContext.log Manager: deploy: Deploying web application '/webapp'
29-Dec-2019 14:05:41.883 INFO [http-nio-8090-exec-8] org.apache.catalina.core.ApplicationContext.log Manager: Uploading WAR file to /Users/hvavilala/Documents/webapp/apache-tomcat-8.5.50-staging/webapps/webapp.war
